<?xml version="1.0" encoding="UTF-8"?>
<!-- Generated by org.testng.reporters.JUnitReportReporter -->
<testsuite hostname="HW0854.local" name="testproject.testproj.FirstTest" tests="1" failures="0" timestamp="1 Jun 2018 10:45:24 GMT" time="0.147" errors="0">
  <testcase name="firstTest" time="0.147" classname="testproject.testproj.FirstTest"/>
</testsuite> <!-- testproject.testproj.FirstTest -->
